<!DOCTYPE html PUBLIC "-//W3C//DTD XHTML 1.1//EN" "https://www.w3.org/TR/xhtml11/DTD/xhtml11.dtd">
<html xmlns="https://www.w3.org/1999/xhtml">
<head>
<meta http-equiv="content-type" content="text/html; charset=UTF-8"/>
<title>TestNG Report</title>
<style type="text/css">table {margin-bottom:10px;border-collapse:collapse;empty-cells:show}th,td {border:1px solid #009;padding:.25em .5em}th {vertical-align:bottom}td {vertical-align:top}table a {font-weight:bold}.stripe td {background-color: #E6EBF9}.num {text-align:right}.passedodd td {background-color: #3F3}.passedeven td {background-color: #0A0}.skippedodd td {background-color: #DDD}.skippedeven td {background-color: #CCC}.failedodd td,.attn {background-color: #F33}.failedeven td,.stripe .attn {background-color: #D00}.stacktrace {white-space:pre;font-family:monospace}.totop {font-size:85%;text-align:center;border-bottom:2px solid #000}.invisible {display:none}</style>
</head>
<body>
<table>
<tr><th>Test</th><th># Passed</th><th># Skipped</th><th># Retried</th><th># Failed</th><th>Time (ms)</th><th>Included Groups</th><th>Excluded Groups</th></tr>
<tr><th colspan="8">secondroundautomation</th></tr>
<tr><td><a href="#t0">Selenium Java Automation Chrome Test</a></td><td class="num">3</td><td class="num">0</td><td class="num">0</td><td class="num">0</td><td class="num">25,807</td><td></td><td></td></tr>
<tr class="stripe"><td><a href="#t1">Selenium Java Automation Firefox Test</a></td><td class="num">3</td><td class="num">0</td><td class="num">0</td><td class="num">0</td><td class="num">25,993</td><td></td><td></td></tr>
<tr><td><a href="#t2">Selenium Java Automation headlessChrome Test</a></td><td class="num">3</td><td class="num">0</td><td class="num">0</td><td class="num">0</td><td class="num">14,450</td><td></td><td></td></tr>
<tr class="stripe"><td><a href="#t3">Selenium Java Automation headlessFirefox Test</a></td><td class="num">3</td><td class="num">0</td><td class="num">0</td><td class="num">0</td><td class="num">23,276</td><td></td><td></td></tr>
<tr><td><a href="#t4">Selenium Java Automation headlessEdge Test</a></td><td class="num">0</td><td class="num attn">3</td><td class="num">0</td><td class="num">0</td><td class="num">5,513</td><td></td><td></td></tr>
<tr class="stripe"><td><a href="#t5">Selenium Java Automation htmlUnitDriver Test</a></td><td class="num">3</td><td class="num">0</td><td class="num">0</td><td class="num">0</td><td class="num">28,642</td><td></td><td></td></tr>
<tr><th>Total</th><th class="num">15</th><th class="num attn">3</th><th class="num">0</th><th class="num">0</th><th class="num">123,681</th><th colspan="2"></th></tr>
</table>
<table id='summary'><thead><tr><th>Class</th><th>Method</th><th>Start</th><th>Time (ms)</th></tr></thead><tbody><tr><th colspan="4">secondroundautomation</th></tr></tbody><tbody id="t0"><tr><th colspan="4">Selenium Java Automation Chrome Test &#8212; passed</th></tr><tr class="passedeven"><td rowspan="3">com.sra.tests.BasicTestBrowserLaunch</td><td><a href="#m0">testBasicTestBrowserLaunch</a></td><td rowspan="1">1704254978377</td><td rowspan="1">5154</td></tr><tr class="passedeven"><td><a href="#m1">testDisplayed</a></td><td rowspan="1">1704254983540</td><td rowspan="1">4205</td></tr><tr class="passedeven"><td><a href="#m2">testIsEnabled</a></td><td rowspan="1">1704254987747</td><td rowspan="1">3360</td></tr></tbody>
<tbody id="t1"><tr><th colspan="4">Selenium Java Automation Firefox Test &#8212; passed</th></tr><tr class="passedeven"><td rowspan="3">com.sra.tests.BasicTestBrowserLaunch</td><td><a href="#m3">testBasicTestBrowserLaunch</a></td><td rowspan="1">1704255000361</td><td rowspan="1">5437</td></tr><tr class="passedeven"><td><a href="#m4">testDisplayed</a></td><td rowspan="1">1704255005801</td><td rowspan="1">4419</td></tr><tr class="passedeven"><td><a href="#m5">testIsEnabled</a></td><td rowspan="1">1704255010223</td><td rowspan="1">4461</td></tr></tbody>
<tbody id="t2"><tr><th colspan="4">Selenium Java Automation headlessChrome Test &#8212; passed</th></tr><tr class="passedeven"><td rowspan="3">com.sra.tests.BasicTestBrowserLaunch</td><td><a href="#m6">testBasicTestBrowserLaunch</a></td><td rowspan="1">1704255019624</td><td rowspan="1">4718</td></tr><tr class="passedeven"><td><a href="#m7">testDisplayed</a></td><td rowspan="1">1704255024344</td><td rowspan="1">3690</td></tr><tr class="passedeven"><td><a href="#m8">testIsEnabled</a></td><td rowspan="1">1704255028036</td><td rowspan="1">3692</td></tr></tbody>
<tbody id="t3"><tr><th colspan="4">Selenium Java Automation headlessFirefox Test &#8212; passed</th></tr><tr class="passedeven"><td rowspan="3">com.sra.tests.BasicTestBrowserLaunch</td><td><a href="#m9">testBasicTestBrowserLaunch</a></td><td rowspan="1">1704255039232</td><td rowspan="1">5892</td></tr><tr class="passedeven"><td><a href="#m10">testDisplayed</a></td><td rowspan="1">1704255045126</td><td rowspan="1">3898</td></tr><tr class="passedeven"><td><a href="#m11">testIsEnabled</a></td><td rowspan="1">1704255049027</td><td rowspan="1">3217</td></tr></tbody>
<tbody id="t4"><tr><th colspan="4">Selenium Java Automation headlessEdge Test &#8212; failed (configuration methods)</th></tr><tr class="failedeven"><td rowspan="1">com.sra.tests.BasicTestBrowserLaunch</td><td><a href="#m12">setUp</a></td><td rowspan="1">1704255055229</td><td rowspan="1">5478</td></tr><tr><th colspan="4">Selenium Java Automation headlessEdge Test &#8212; skipped (configuration methods)</th></tr><tr class="skippedeven"><td rowspan="1">com.sra.tests.BasicTestBrowserLaunch</td><td><a href="#m13">tearDown</a></td><td rowspan="1">1704255060740</td><td rowspan="1">0</td></tr><tr><th colspan="4">Selenium Java Automation headlessEdge Test &#8212; skipped</th></tr><tr class="skippedeven"><td rowspan="3">com.sra.tests.BasicTestBrowserLaunch</td><td><a href="#m14">testBasicTestBrowserLaunch</a></td><td rowspan="1">1704255060728</td><td rowspan="1">0</td></tr><tr class="skippedeven"><td><a href="#m15">testDisplayed</a></td><td rowspan="1">1704255060731</td><td rowspan="1">0</td></tr><tr class="skippedeven"><td><a href="#m16">testIsEnabled</a></td><td rowspan="1">1704255060734</td><td rowspan="1">0</td></tr></tbody>
<tbody id="t5"><tr><th colspan="4">Selenium Java Automation htmlUnitDriver Test &#8212; passed</th></tr><tr class="passedeven"><td rowspan="3">com.sra.tests.BasicTestBrowserLaunch</td><td><a href="#m17">testBasicTestBrowserLaunch</a></td><td rowspan="1">1704255064065</td><td rowspan="1">12041</td></tr><tr class="passedeven"><td><a href="#m18">testDisplayed</a></td><td rowspan="1">1704255076108</td><td rowspan="1">6988</td></tr><tr class="passedeven"><td><a href="#m19">testIsEnabled</a></td><td rowspan="1">1704255083097</td><td rowspan="1">6303</td></tr></tbody>
</table>
<h2>Selenium Java Automation Chrome Test</h2><h3 id="m0">com.sra.tests.BasicTestBrowserLaunch#testBasicTestBrowserLaunch</h3><table class="result"><tr><th class="invisible"/></tr></table><p class="totop"><a href="#summary">back to summary</a></p>
<h3 id="m1">com.sra.tests.BasicTestBrowserLaunch#testDisplayed</h3><table class="result"><tr><th class="invisible"/></tr></table><p class="totop"><a href="#summary">back to summary</a></p>
<h3 id="m2">com.sra.tests.BasicTestBrowserLaunch#testIsEnabled</h3><table class="result"><tr><th class="invisible"/></tr></table><p class="totop"><a href="#summary">back to summary</a></p>
<h2>Selenium Java Automation Firefox Test</h2><h3 id="m3">com.sra.tests.BasicTestBrowserLaunch#testBasicTestBrowserLaunch</h3><table class="result"><tr><th class="invisible"/></tr></table><p class="totop"><a href="#summary">back to summary</a></p>
<h3 id="m4">com.sra.tests.BasicTestBrowserLaunch#testDisplayed</h3><table class="result"><tr><th class="invisible"/></tr></table><p class="totop"><a href="#summary">back to summary</a></p>
<h3 id="m5">com.sra.tests.BasicTestBrowserLaunch#testIsEnabled</h3><table class="result"><tr><th class="invisible"/></tr></table><p class="totop"><a href="#summary">back to summary</a></p>
<h2>Selenium Java Automation headlessChrome Test</h2><h3 id="m6">com.sra.tests.BasicTestBrowserLaunch#testBasicTestBrowserLaunch</h3><table class="result"><tr><th class="invisible"/></tr></table><p class="totop"><a href="#summary">back to summary</a></p>
<h3 id="m7">com.sra.tests.BasicTestBrowserLaunch#testDisplayed</h3><table class="result"><tr><th class="invisible"/></tr></table><p class="totop"><a href="#summary">back to summary</a></p>
<h3 id="m8">com.sra.tests.BasicTestBrowserLaunch#testIsEnabled</h3><table class="result"><tr><th class="invisible"/></tr></table><p class="totop"><a href="#summary">back to summary</a></p>
<h2>Selenium Java Automation headlessFirefox Test</h2><h3 id="m9">com.sra.tests.BasicTestBrowserLaunch#testBasicTestBrowserLaunch</h3><table class="result"><tr><th class="invisible"/></tr></table><p class="totop"><a href="#summary">back to summary</a></p>
<h3 id="m10">com.sra.tests.BasicTestBrowserLaunch#testDisplayed</h3><table class="result"><tr><th class="invisible"/></tr></table><p class="totop"><a href="#summary">back to summary</a></p>
<h3 id="m11">com.sra.tests.BasicTestBrowserLaunch#testIsEnabled</h3><table class="result"><tr><th class="invisible"/></tr></table><p class="totop"><a href="#summary">back to summary</a></p>
<h2>Selenium Java Automation headlessEdge Test</h2><h3 id="m12">com.sra.tests.BasicTestBrowserLaunch#setUp</h3><table class="result"><tr class="param"><th>Parameter #1</th></tr><tr class="param stripe"><td>headlessEdge</td></tr><tr><th>Exception</th></tr><tr><td><div class="stacktrace">org.openqa.selenium.SessionNotCreatedException: Could not start a new session. Response code 500. Message: session not created: Microsoft Edge failed to start: crashed.
  (session not created: DevToolsActivePort file doesn&apos;t exist)
  (The process started from msedge location C:\Program Files (x86)\Microsoft\Edge\Application\msedge.exe is no longer running, so msedgedriver is assuming that msedge has crashed.) 
Host info: host: &apos;DESKTOP-60U4M33&apos;, ip: &apos;192.168.0.107&apos;
Build info: version: &apos;4.11.0&apos;, revision: &apos;040bc5406b&apos;
System info: os.name: &apos;Windows 10&apos;, os.arch: &apos;amd64&apos;, os.version: &apos;10.0&apos;, java.version: &apos;11.0.19&apos;
Driver info: org.openqa.selenium.edge.EdgeDriver
Command: [null, newSession {capabilities=[Capabilities {browserName: MicrosoftEdge, ms:edgeOptions: {args: [--remote-allow-origins=*, --headless], binary: C:\Program Files (x86)\Micr..., extensions: []}}]}]
	at org.openqa.selenium.remote.ProtocolHandshake.createSession(ProtocolHandshake.java:140)
	at org.openqa.selenium.remote.ProtocolHandshake.createSession(ProtocolHandshake.java:96)
	at org.openqa.selenium.remote.ProtocolHandshake.createSession(ProtocolHandshake.java:68)
	at org.openqa.selenium.remote.HttpCommandExecutor.execute(HttpCommandExecutor.java:163)
	at org.openqa.selenium.remote.service.DriverCommandExecutor.invokeExecute(DriverCommandExecutor.java:196)
	at org.openqa.selenium.remote.service.DriverCommandExecutor.execute(DriverCommandExecutor.java:171)
	at org.openqa.selenium.remote.RemoteWebDriver.execute(RemoteWebDriver.java:518)
	at org.openqa.selenium.remote.RemoteWebDriver.startSession(RemoteWebDriver.java:232)
	at org.openqa.selenium.remote.RemoteWebDriver.&lt;init&gt;(RemoteWebDriver.java:159)
	at org.openqa.selenium.chromium.ChromiumDriver.&lt;init&gt;(ChromiumDriver.java:108)
	at org.openqa.selenium.edge.EdgeDriver.&lt;init&gt;(EdgeDriver.java:60)
	at org.openqa.selenium.edge.EdgeDriver.&lt;init&gt;(EdgeDriver.java:56)
	at org.openqa.selenium.edge.EdgeDriver.&lt;init&gt;(EdgeDriver.java:48)
	at com.sra.basepack.BasePage.setUp(BasePage.java:86)
	at java.base/java.util.ArrayList.forEach(ArrayList.java:1541)
... Removed 29 stack frames</div></td></tr></table><p class="totop"><a href="#summary">back to summary</a></p>
<h3 id="m13">com.sra.tests.BasicTestBrowserLaunch#tearDown</h3><table class="result"><tr><th class="invisible"/></tr></table><p class="totop"><a href="#summary">back to summary</a></p>
<h3 id="m14">com.sra.tests.BasicTestBrowserLaunch#testBasicTestBrowserLaunch</h3><table class="result"><tr><th>Exception</th></tr><tr><td><div class="stacktrace">org.openqa.selenium.SessionNotCreatedException: Could not start a new session. Response code 500. Message: session not created: Microsoft Edge failed to start: crashed.
  (session not created: DevToolsActivePort file doesn&apos;t exist)
  (The process started from msedge location C:\Program Files (x86)\Microsoft\Edge\Application\msedge.exe is no longer running, so msedgedriver is assuming that msedge has crashed.) 
Host info: host: &apos;DESKTOP-60U4M33&apos;, ip: &apos;192.168.0.107&apos;
Build info: version: &apos;4.11.0&apos;, revision: &apos;040bc5406b&apos;
System info: os.name: &apos;Windows 10&apos;, os.arch: &apos;amd64&apos;, os.version: &apos;10.0&apos;, java.version: &apos;11.0.19&apos;
Driver info: org.openqa.selenium.edge.EdgeDriver
Command: [null, newSession {capabilities=[Capabilities {browserName: MicrosoftEdge, ms:edgeOptions: {args: [--remote-allow-origins=*, --headless], binary: C:\Program Files (x86)\Micr..., extensions: []}}]}]
	at org.openqa.selenium.remote.ProtocolHandshake.createSession(ProtocolHandshake.java:140)
	at org.openqa.selenium.remote.ProtocolHandshake.createSession(ProtocolHandshake.java:96)
	at org.openqa.selenium.remote.ProtocolHandshake.createSession(ProtocolHandshake.java:68)
	at org.openqa.selenium.remote.HttpCommandExecutor.execute(HttpCommandExecutor.java:163)
	at org.openqa.selenium.remote.service.DriverCommandExecutor.invokeExecute(DriverCommandExecutor.java:196)
	at org.openqa.selenium.remote.service.DriverCommandExecutor.execute(DriverCommandExecutor.java:171)
	at org.openqa.selenium.remote.RemoteWebDriver.execute(RemoteWebDriver.java:518)
	at org.openqa.selenium.remote.RemoteWebDriver.startSession(RemoteWebDriver.java:232)
	at org.openqa.selenium.remote.RemoteWebDriver.&lt;init&gt;(RemoteWebDriver.java:159)
	at org.openqa.selenium.chromium.ChromiumDriver.&lt;init&gt;(ChromiumDriver.java:108)
	at org.openqa.selenium.edge.EdgeDriver.&lt;init&gt;(EdgeDriver.java:60)
	at org.openqa.selenium.edge.EdgeDriver.&lt;init&gt;(EdgeDriver.java:56)
	at org.openqa.selenium.edge.EdgeDriver.&lt;init&gt;(EdgeDriver.java:48)
	at com.sra.basepack.BasePage.setUp(BasePage.java:86)
	at java.base/java.util.ArrayList.forEach(ArrayList.java:1541)
... Removed 29 stack frames</div></td></tr></table><p class="totop"><a href="#summary">back to summary</a></p>
<h3 id="m15">com.sra.tests.BasicTestBrowserLaunch#testDisplayed</h3><table class="result"><tr><th>Exception</th></tr><tr><td><div class="stacktrace">org.openqa.selenium.SessionNotCreatedException: Could not start a new session. Response code 500. Message: session not created: Microsoft Edge failed to start: crashed.
  (session not created: DevToolsActivePort file doesn&apos;t exist)
  (The process started from msedge location C:\Program Files (x86)\Microsoft\Edge\Application\msedge.exe is no longer running, so msedgedriver is assuming that msedge has crashed.) 
Host info: host: &apos;DESKTOP-60U4M33&apos;, ip: &apos;192.168.0.107&apos;
Build info: version: &apos;4.11.0&apos;, revision: &apos;040bc5406b&apos;
System info: os.name: &apos;Windows 10&apos;, os.arch: &apos;amd64&apos;, os.version: &apos;10.0&apos;, java.version: &apos;11.0.19&apos;
Driver info: org.openqa.selenium.edge.EdgeDriver
Command: [null, newSession {capabilities=[Capabilities {browserName: MicrosoftEdge, ms:edgeOptions: {args: [--remote-allow-origins=*, --headless], binary: C:\Program Files (x86)\Micr..., extensions: []}}]}]
	at org.openqa.selenium.remote.ProtocolHandshake.createSession(ProtocolHandshake.java:140)
	at org.openqa.selenium.remote.ProtocolHandshake.createSession(ProtocolHandshake.java:96)
	at org.openqa.selenium.remote.ProtocolHandshake.createSession(ProtocolHandshake.java:68)
	at org.openqa.selenium.remote.HttpCommandExecutor.execute(HttpCommandExecutor.java:163)
	at org.openqa.selenium.remote.service.DriverCommandExecutor.invokeExecute(DriverCommandExecutor.java:196)
	at org.openqa.selenium.remote.service.DriverCommandExecutor.execute(DriverCommandExecutor.java:171)
	at org.openqa.selenium.remote.RemoteWebDriver.execute(RemoteWebDriver.java:518)
	at org.openqa.selenium.remote.RemoteWebDriver.startSession(RemoteWebDriver.java:232)
	at org.openqa.selenium.remote.RemoteWebDriver.&lt;init&gt;(RemoteWebDriver.java:159)
	at org.openqa.selenium.chromium.ChromiumDriver.&lt;init&gt;(ChromiumDriver.java:108)
	at org.openqa.selenium.edge.EdgeDriver.&lt;init&gt;(EdgeDriver.java:60)
	at org.openqa.selenium.edge.EdgeDriver.&lt;init&gt;(EdgeDriver.java:56)
	at org.openqa.selenium.edge.EdgeDriver.&lt;init&gt;(EdgeDriver.java:48)
	at com.sra.basepack.BasePage.setUp(BasePage.java:86)
	at java.base/java.util.ArrayList.forEach(ArrayList.java:1541)
... Removed 29 stack frames</div></td></tr></table><p class="totop"><a href="#summary">back to summary</a></p>
<h3 id="m16">com.sra.tests.BasicTestBrowserLaunch#testIsEnabled</h3><table class="result"><tr><th>Exception</th></tr><tr><td><div class="stacktrace">org.openqa.selenium.SessionNotCreatedException: Could not start a new session. Response code 500. Message: session not created: Microsoft Edge failed to start: crashed.
  (session not created: DevToolsActivePort file doesn&apos;t exist)
  (The process started from msedge location C:\Program Files (x86)\Microsoft\Edge\Application\msedge.exe is no longer running, so msedgedriver is assuming that msedge has crashed.) 
Host info: host: &apos;DESKTOP-60U4M33&apos;, ip: &apos;192.168.0.107&apos;
Build info: version: &apos;4.11.0&apos;, revision: &apos;040bc5406b&apos;
System info: os.name: &apos;Windows 10&apos;, os.arch: &apos;amd64&apos;, os.version: &apos;10.0&apos;, java.version: &apos;11.0.19&apos;
Driver info: org.openqa.selenium.edge.EdgeDriver
Command: [null, newSession {capabilities=[Capabilities {browserName: MicrosoftEdge, ms:edgeOptions: {args: [--remote-allow-origins=*, --headless], binary: C:\Program Files (x86)\Micr..., extensions: []}}]}]
	at org.openqa.selenium.remote.ProtocolHandshake.createSession(ProtocolHandshake.java:140)
	at org.openqa.selenium.remote.ProtocolHandshake.createSession(ProtocolHandshake.java:96)
	at org.openqa.selenium.remote.ProtocolHandshake.createSession(ProtocolHandshake.java:68)
	at org.openqa.selenium.remote.HttpCommandExecutor.execute(HttpCommandExecutor.java:163)
	at org.openqa.selenium.remote.service.DriverCommandExecutor.invokeExecute(DriverCommandExecutor.java:196)
	at org.openqa.selenium.remote.service.DriverCommandExecutor.execute(DriverCommandExecutor.java:171)
	at org.openqa.selenium.remote.RemoteWebDriver.execute(RemoteWebDriver.java:518)
	at org.openqa.selenium.remote.RemoteWebDriver.startSession(RemoteWebDriver.java:232)
	at org.openqa.selenium.remote.RemoteWebDriver.&lt;init&gt;(RemoteWebDriver.java:159)
	at org.openqa.selenium.chromium.ChromiumDriver.&lt;init&gt;(ChromiumDriver.java:108)
	at org.openqa.selenium.edge.EdgeDriver.&lt;init&gt;(EdgeDriver.java:60)
	at org.openqa.selenium.edge.EdgeDriver.&lt;init&gt;(EdgeDriver.java:56)
	at org.openqa.selenium.edge.EdgeDriver.&lt;init&gt;(EdgeDriver.java:48)
	at com.sra.basepack.BasePage.setUp(BasePage.java:86)
	at java.base/java.util.ArrayList.forEach(ArrayList.java:1541)
... Removed 29 stack frames</div></td></tr></table><p class="totop"><a href="#summary">back to summary</a></p>
<h2>Selenium Java Automation htmlUnitDriver Test</h2><h3 id="m17">com.sra.tests.BasicTestBrowserLaunch#testBasicTestBrowserLaunch</h3><table class="result"><tr><th class="invisible"/></tr></table><p class="totop"><a href="#summary">back to summary</a></p>
<h3 id="m18">com.sra.tests.BasicTestBrowserLaunch#testDisplayed</h3><table class="result"><tr><th class="invisible"/></tr></table><p class="totop"><a href="#summary">back to summary</a></p>
<h3 id="m19">com.sra.tests.BasicTestBrowserLaunch#testIsEnabled</h3><table class="result"><tr><th class="invisible"/></tr></table><p class="totop"><a href="#summary">back to summary</a></p>
</body>
</html>
